    sending data requests...
RS
requesting qc data...
working on RS
    building deployment info requests...
    sending deployment info requests...
    calculating days between deployment dates...
    building data request urls...
    checking science classifications vs what has global range qc values...
    creating outputs param...
    creating outputs stream...
    creating outputs method...
    creating outputs refdes...
    sending alert...
    sending data requests...
CP
requesting qc data...
working on CP
    building deployment info requests...
    sending deployment info requests...
    calculating days between deployment dates...
    building data request urls...
    checking science classifications vs what has global range qc values...
    creating outputs param...
    creating outputs stream...
    creating outputs method...
    creating outputs refdes...
    sending alert...
    sending data requests...
GA
requesting qc data...
working on GA
    building deployment info requests...
    sending deployment info requests...
    calculating days between deployment dates...
    building data request urls...
    checking science classifications vs what has global range qc values...
    creating outputs param...
    creating outputs stream...
    creating outputs method...
    creating outputs refdes...
    sending alert...
    sending data requests...
GI
requesting qc data...
working on GI
    building deployment info requests...
    sending deployment info requests...
    calculating days between deployment dates...
    building data request urls...
    checking science classifications vs what has global range qc values...
    creating outputs param...
    creating outputs stream...
    creating outputs method...
    creating outputs refdes...
    sending alert...
    sending data requests...
GP
requesting qc data...
working on GP
    building deployment info requests...
    sending deployment info requests...
    calculating days between deployment dates...
    building data request urls...
    checking science classifications vs what has global range qc values...
    creating outputs param...
    creating outputs stream...
    creating outputs method...
    creating outputs refdes...
    sending alert...
    sending data requests...
GS
requesting qc data...
working on GS
    building deployment info requests...
    sending deployment info requests...
    calculating days between deployment dates...
    building data request urls...
    checking science classifications vs what has global range qc values...
    creating outputs param...
    creating outputs stream...
    creating outputs method...
    creating outputs refdes...
    sending alert...
    sending data requests...
CE
requesting qc data...
working on CE
    building deployment info requests...
    sending deployment info requests...
    calculating days between deployment dates...
    building data request urls...
    checking science classifications vs what has global range qc values...
    creating outputs param...
    creating outputs stream...
    creating outputs method...
    creating outputs refdes...
    sending alert...
  adding: home/knuth/ooi_stats/stats/output/ (stored 0%)
  adding: home/knuth/ooi_stats/stats/output/GA/ (stored 0%)
  adding: home/knuth/ooi_stats/stats/output/GA/param/ (stored 0%)
  adding: home/knuth/ooi_stats/stats/output/GA/param/GA_param_final.csv (deflated 97%)
  adding: home/knuth/ooi_stats/stats/output/GA/method/ (stored 0%)
  adding: home/knuth/ooi_stats/stats/output/GA/method/GA_method_final.csv (deflated 94%)
  adding: home/knuth/ooi_stats/stats/output/GA/refdes/ (stored 0%)
  adding: home/knuth/ooi_stats/stats/output/GA/refdes/GA_refdes_final.csv (deflated 93%)
  adding: home/knuth/ooi_stats/stats/output/GA/stream/ (stored 0%)
  adding: home/knuth/ooi_stats/stats/output/GA/stream/GA_stream_final.csv (deflated 96%)
  adding: home/knuth/ooi_stats/stats/output/CP/ (stored 0%)
  adding: home/knuth/ooi_stats/stats/output/CP/param/ (stored 0%)
  adding: home/knuth/ooi_stats/stats/output/CP/param/CP_param_final.csv (deflated 97%)
  adding: home/knuth/ooi_stats/stats/output/CP/refdes/ (stored 0%)
  adding: home/knuth/ooi_stats/stats/output/CP/refdes/CP_refdes_final.csv (deflated 93%)
  adding: home/knuth/ooi_stats/stats/output/CP/stream/ (stored 0%)
  adding: home/knuth/ooi_stats/stats/output/CP/stream/CP_stream_final.csv (deflated 96%)
  adding: home/knuth/ooi_stats/stats/output/CP/method/ (stored 0%)
  adding: home/knuth/ooi_stats/stats/output/CP/method/CP_method_final.csv (deflated 94%)
  adding: home/knuth/ooi_stats/stats/output/RS/ (stored 0%)
  adding: home/knuth/ooi_stats/stats/output/RS/method/ (stored 0%)
  adding: home/knuth/ooi_stats/stats/output/RS/method/RS_method_final.csv (deflated 94%)
  adding: home/knuth/ooi_stats/stats/output/RS/stream/ (stored 0%)
  adding: home/knuth/ooi_stats/stats/output/RS/stream/RS_stream_final.csv (deflated 96%)
  adding: home/knuth/ooi_stats/stats/output/RS/param/ (stored 0%)
  adding: home/knuth/ooi_stats/stats/output/RS/param/RS_param_final.csv (deflated 96%)
  adding: home/knuth/ooi_stats/stats/output/RS/refdes/ (stored 0%)
  adding: home/knuth/ooi_stats/stats/output/RS/refdes/RS_refdes_final.csv (deflated 93%)
  adding: home/knuth/ooi_stats/stats/output/GP/ (stored 0%)
  adding: home/knuth/ooi_stats/stats/output/GP/stream/ (stored 0%)
  adding: home/knuth/ooi_stats/stats/output/GP/stream/GP_stream_final.csv (deflated 96%)
  adding: home/knuth/ooi_stats/stats/output/GP/param/ (stored 0%)
  adding: home/knuth/ooi_stats/stats/output/GP/param/GP_param_final.csv (deflated 97%)
  adding: home/knuth/ooi_stats/stats/output/GP/refdes/ (stored 0%)
  adding: home/knuth/ooi_stats/stats/output/GP/refdes/GP_refdes_final.csv (deflated 93%)
  adding: home/knuth/ooi_stats/stats/output/GP/method/ (stored 0%)
  adding: home/knuth/ooi_stats/stats/output/GP/method/GP_method_final.csv (deflated 94%)
  adding: home/knuth/ooi_stats/stats/output/GI/ (stored 0%)
  adding: home/knuth/ooi_stats/stats/output/GI/refdes/ (stored 0%)
  adding: home/knuth/ooi_stats/stats/output/GI/refdes/GI_refdes_final.csv (deflated 93%)
  adding: home/knuth/ooi_stats/stats/output/GI/stream/ (stored 0%)
  adding: home/knuth/ooi_stats/stats/output/GI/stream/GI_stream_final.csv (deflated 96%)
  adding: home/knuth/ooi_stats/stats/output/GI/method/ (stored 0%)
  adding: home/knuth/ooi_stats/stats/output/GI/method/GI_method_final.csv (deflated 94%)
  adding: home/knuth/ooi_stats/stats/output/GI/param/ (stored 0%)
  adding: home/knuth/ooi_stats/stats/output/GI/param/GI_param_final.csv (deflated 97%)
  adding: home/knuth/ooi_stats/stats/output/GS/ (stored 0%)
  adding: home/knuth/ooi_stats/stats/output/GS/stream/ (stored 0%)
  adding: home/knuth/ooi_stats/stats/output/GS/stream/GS_stream_final.csv (deflated 96%)
  adding: home/knuth/ooi_stats/stats/output/GS/refdes/ (stored 0%)
  adding: home/knuth/ooi_stats/stats/output/GS/refdes/GS_refdes_final.csv (deflated 93%)
  adding: home/knuth/ooi_stats/stats/output/GS/param/ (stored 0%)
  adding: home/knuth/ooi_stats/stats/output/GS/param/GS_param_final.csv (deflated 97%)
  adding: home/knuth/ooi_stats/stats/output/GS/method/ (stored 0%)
  adding: home/knuth/ooi_stats/stats/output/GS/method/GS_method_final.csv (deflated 94%)
  adding: home/knuth/ooi_stats/stats/output/CE/ (stored 0%)
  adding: home/knuth/ooi_stats/stats/output/CE/param/ (stored 0%)
  adding: home/knuth/ooi_stats/stats/output/CE/param/CE_param_final.csv (deflated 97%)
  adding: home/knuth/ooi_stats/stats/output/CE/stream/ (stored 0%)
  adding: home/knuth/ooi_stats/stats/output/CE/stream/CE_stream_final.csv (deflated 96%)
  adding: home/knuth/ooi_stats/stats/output/CE/refdes/ (stored 0%)
  adding: home/knuth/ooi_stats/stats/output/CE/refdes/CE_refdes_final.csv (deflated 93%)
  adding: home/knuth/ooi_stats/stats/output/CE/method/ (stored 0%)
  adding: home/knuth/ooi_stats/stats/output/CE/method/CE_method_final.csv (deflated 94%)
